#
# A fatal error has been detected by the Java Runtime Environment:
#
#  EXCEPTION_ACCESS_VIOLATION (0xc0000005) at pc=0x00007fff947878b0, pid=11976, tid=0x0000000000001a2c
#
# JRE version: Java(TM) SE Runtime Environment (8.0_202-b08) (build 1.8.0_202-b08)
# Java VM: Java HotSpot(TM) 64-Bit Server VM (25.202-b08 mixed mode windows-amd64 compressed oops)
# Problematic frame:
# C  [glass.dll+0x278b0]
#
# Failed to write core dump. Minidumps are not enabled by default on client versions of Windows
#
# If you would like to submit a bug report, please visit:
#   http://bugreport.java.com/bugreport/crash.jsp
#

---------------  T H R E A D  ---------------

Current thread (0x000000001c5d8000):  VMThread [stack: 0x000000001e2a0000,0x000000001e3a0000] [id=6700]

siginfo: ExceptionCode=0xc0000005, reading address 0x0000000000000000

Registers:
RAX=0x0000000000000000, RBX=0x0000000002dc3b00, RCX=0x000000001c5d8000, RDX=0x0000000074b924e8
RSP=0x000000001e39f0c0, RBP=0x0000000000dbff48, RSI=0x000000001e39f1d8, RDI=0x0000000000dbff20
R8 =0x0000000000010002, R9 =0x0000000000dbff20, R10=0x85f13e9656da4870, R11=0x000000001e39f060
R12=0x00007fff947848dc, R13=0x0000000002ce1658, R14=0x00004e0c3b81ca9e, R15=0x0000000000dbff20
RIP=0x00007fff947878b0, EFLAGS=0x0000000000010206

Top of Stack: (sp=0x000000001e39f0c0)
0x000000001e39f0c0:   0000000000000000 00007fffb78837eb
0x000000001e39f0d0:   0000000000dbff30 000000001e39f1d8
0x000000001e39f0e0:   fffffffffffffffe 00007fff947848dc
0x000000001e39f0f0:   0000000000dbff28 00007fffb78c3a83
0x000000001e39f100:   00000c2869cbbb1d 0000000000000000
0x000000001e39f110:   0000000000dbff48 000000001e39f1d8
0x000000001e39f120:   fffffffffffffffe 0000000000000000
0x000000001e39f130:   0000000000000001 00007fff94760000
0x000000001e39f140:   000000001e39f1c8 00007fffb789006e
0x000000001e39f150:   0000000000000000 000000001e39f1d8
0x000000001e39f160:   000000001c465400 0000000000000001
0x000000001e39f170:   0000000000000000 00007fffb788da1d
0x000000001e39f180:   0000000000000000 00007fff94783f85
0x000000001e39f190:   0000000002ce1658 000000001e39f1c8
0x000000001e39f1a0:   fffffffffffffffe 00007fffba2d6627
0x000000001e39f1b0:   0000000000000001 00007fff94784752 

Instructions: (pc=0x00007fff947878b0)
0x00007fff94787890:   40 53 48 83 ec 30 48 c7 44 24 20 fe ff ff ff 48
0x00007fff947878a0:   8b 1d 7a 72 01 00 48 85 db 74 16 e8 00 81 ff ff
0x00007fff947878b0:   4c 8b 00 48 8b d3 48 8b c8 41 ff 90 b0 00 00 00
0x00007fff947878c0:   90 48 83 c4 30 5b c3 cc cc cc cc cc cc cc cc cc 


Register to memory mapping:

RAX=0x0000000000000000 is an unknown value
RBX=0x0000000002dc3b00 is a global jni handle
RCX=0x000000001c5d8000 is an unknown value
RDX=0x0000000074b924e8 is an unknown value
RSP=0x000000001e39f0c0 is an unknown value
RBP=0x0000000000dbff48 is an unknown value
RSI=0x000000001e39f1d8 is an unknown value
RDI=0x0000000000dbff20 is an unknown value
R8 =0x0000000000010002 is an unknown value
R9 =0x0000000000dbff20 is an unknown value
R10=0x85f13e9656da4870 is an unknown value
R11=0x000000001e39f060 is an unknown value
R12=0x00007fff947848dc is an unknown value
R13=0x0000000002ce1658 is an unknown value
R14=0x00004e0c3b81ca9e is an unknown value
R15=0x0000000000dbff20 is an unknown value


Stack: [0x000000001e2a0000,0x000000001e3a0000],  sp=0x000000001e39f0c0,  free space=1020k
Native frames: (J=compiled Java code, j=interpreted, Vv=VM code, C=native code)
C  [glass.dll+0x278b0]
C  [ucrtbase.dll+0x53a83]
C  [ucrtbase.dll+0x2006e]
C  [ucrtbase.dll+0x1da1d]
C  [glass.dll+0x24752]
C  [glass.dll+0x24850]
C  [ntdll.dll+0x2868f]
C  [ntdll.dll+0x51096]
C  [ntdll.dll+0x50c8d]
C  [KERNEL32.DLL+0x182ab]
C  [msvcr100.dll+0x20ccd]
V  [jvm.dll+0x214045]
V  [jvm.dll+0x24d5d7]
V  [jvm.dll+0x24c876]
V  [jvm.dll+0x24cd11]
V  [jvm.dll+0x24cf2e]
V  [jvm.dll+0x29fc6a]
C  [msvcr100.dll+0x21d9f]
C  [msvcr100.dll+0x21e3b]
C  [KERNEL32.DLL+0x126ad]
C  [ntdll.dll+0x5a9f8]

VM_Operation (0x0000000020ae9700): Exit, mode: safepoint, requested by thread 0x000000001f32a800


---------------  P R O C E S S  ---------------

Java Threads: ( => current thread )
  0x000000001f492000 JavaThread "Prism Font Disposer" daemon [_thread_blocked, id=10872, stack(0x00000000278d0000,0x00000000279d0000)]
  0x000000001f3cf800 JavaThread "Thread-3" daemon [_thread_in_native, id=12840, stack(0x00000000254c0000,0x00000000255c0000)]
  0x000000001f3cc000 JavaThread "JavaFX-Launcher" [_thread_blocked, id=3048, stack(0x00000000255c0000,0x00000000256c0000)]
  0x000000001f32a800 JavaThread "JavaFX Application Thread" [_thread_blocked, id=14180, stack(0x00000000209f0000,0x0000000020af0000)]
  0x000000001f329800 JavaThread "Thread-1" daemon [_thread_blocked, id=7424, stack(0x000000001fe40000,0x000000001ff40000)]
  0x000000001f306000 JavaThread "QuantumRenderer-0" daemon [_thread_blocked, id=264, stack(0x000000001fce0000,0x000000001fde0000)]
  0x000000001e457800 JavaThread "Service Thread" daemon [_thread_blocked, id=9864, stack(0x000000001f0a0000,0x000000001f1a0000)]
  0x000000001e3e3000 JavaThread "C1 CompilerThread3" daemon [_thread_blocked, id=6528, stack(0x000000001efa0000,0x000000001f0a0000)]
  0x000000001e3db000 JavaThread "C2 CompilerThread2" daemon [_thread_blocked, id=12812, stack(0x000000001eea0000,0x000000001efa0000)]
  0x000000001e3d4000 JavaThread "C2 CompilerThread1" daemon [_thread_blocked, id=14304, stack(0x000000001eda0000,0x000000001eea0000)]
  0x000000001e3d0000 JavaThread "C2 CompilerThread0" daemon [_thread_blocked, id=12828, stack(0x000000001eca0000,0x000000001eda0000)]
  0x000000001e3ce800 JavaThread "Attach Listener" daemon [_thread_blocked, id=12180, stack(0x000000001eba0000,0x000000001eca0000)]
  0x0000000002dee800 JavaThread "Signal Dispatcher" daemon [_thread_blocked, id=13416, stack(0x000000001eaa0000,0x000000001eba0000)]
  0x0000000002de8000 JavaThread "Finalizer" daemon [_thread_blocked, id=1576, stack(0x000000001e8a0000,0x000000001e9a0000)]
  0x000000001e3c0800 JavaThread "Reference Handler" daemon [_thread_blocked, id=5888, stack(0x000000001e7a0000,0x000000001e8a0000)]
  0x0000000002ced800 JavaThread "main" [_thread_blocked, id=14440, stack(0x0000000002bb0000,0x0000000002cb0000)]

Other Threads:
=>0x000000001c5d8000 VMThread [stack: 0x000000001e2a0000,0x000000001e3a0000] [id=6700]

VM state:at safepoint (shutting down)

VM Mutex/Monitor currently owned by a thread:  ([mutex/lock_event])
[0x0000000002cec6b0] Threads_lock - owner thread: 0x000000001c5d8000

heap address: 0x00000006c5800000, size: 4008 MB, Compressed Oops mode: Zero based, Oop shift amount: 3
Narrow klass base: 0x0000000000000000, Narrow klass shift: 3
Compressed class space size: 1073741824 Address: 0x00000007c0000000

Heap:
 PSYoungGen      total 75264K, used 64512K [0x000000076c800000, 0x0000000771c00000, 0x00000007c0000000)
  eden space 64512K, 100% used [0x000000076c800000,0x0000000770700000,0x0000000770700000)
  from space 10752K, 0% used [0x0000000771180000,0x0000000771180000,0x0000000771c00000)
  to   space 10752K, 0% used [0x0000000770700000,0x0000000770700000,0x0000000771180000)
 ParOldGen       total 172032K, used 0K [0x00000006c5800000, 0x00000006d0000000, 0x000000076c800000)
  object space 172032K, 0% used [0x00000006c5800000,0x00000006c5800000,0x00000006d0000000)
 Metaspace       used 17852K, capacity 18800K, committed 18944K, reserved 1064960K
  class space    used 2532K, capacity 2767K, committed 2816K, reserved 1048576K

Card table byte_map: [0x00000000121b0000,0x0000000012990000] byte_map_base: 0x000000000eb84000

Marking Bits: (ParMarkBitMap*) 0x0000000074d85ce0
 Begin Bits: [0x00000000136d0000, 0x0000000017570000)
 End Bits:   [0x0000000017570000, 0x000000001b410000)

Polling page: 0x00000000011d0000

CodeCache: size=245760Kb used=8411Kb max_used=8460Kb free=237348Kb
 bounds [0x0000000002df0000, 0x0000000003640000, 0x0000000011df0000]
 total_blobs=3520 nmethods=2841 adapters=590
 compilation: enabled

Compilation events (10 events):
Event: 6117.571 Thread 0x000000001e3d4000 2980       4       com.sun.javafx.binding.ExpressionHelper::fireValueChangedEvent (9 bytes)
Event: 6117.572 Thread 0x000000001e3d4000 nmethod 2980 0x0000000003618f50 code [0x0000000003619080, 0x00000000036190d8]
Event: 6117.587 Thread 0x000000001e3e3000 2981       3       javafx.scene.Node::impl_reapplyCSS (75 bytes)
Event: 6117.588 Thread 0x000000001e3e3000 nmethod 2981 0x000000000363af50 code [0x000000000363b1a0, 0x000000000363c348]
Event: 6117.589 Thread 0x000000001e3e3000 2982       3       javafx.scene.Node::setScenes (75 bytes)
Event: 6117.592 Thread 0x000000001e3e3000 nmethod 2982 0x000000000363c790 code [0x000000000363c9c0, 0x000000000363d8e8]
Event: 6117.592 Thread 0x000000001e3e3000 2985       3       java.lang.invoke.TypeConvertingMethodAdapter::cast (42 bytes)
Event: 6117.593 Thread 0x000000001e3e3000 nmethod 2985 0x0000000003636f10 code [0x00000000036370c0, 0x0000000003637668]
Event: 6117.594 Thread 0x000000001e3e3000 2984       1       java.util.logging.Logger::getName (5 bytes)
Event: 6117.594 Thread 0x000000001e3e3000 nmethod 2984 0x0000000002fcbf50 code [0x0000000002fcc0a0, 0x0000000002fcc1b0]

GC Heap History (0 events):
No events

Deoptimization events (10 events):
Event: 6108.230 Thread 0x000000001f32a800 Uncommon trap: reason=class_check action=maybe_recompile pc=0x000000000356ccdc method=javafx.scene.Node.updateLocalToParentTransform()V @ 11
Event: 6108.230 Thread 0x000000001f32a800 Uncommon trap: reason=class_check action=maybe_recompile pc=0x000000000356ccdc method=javafx.scene.Node.updateLocalToParentTransform()V @ 11
Event: 6116.899 Thread 0x000000001f32a800 Uncommon trap: reason=class_check action=maybe_recompile pc=0x00000000035daadc method=javafx.scene.CssStyleHelper.getStyle(Ljavafx/css/Styleable;Ljava/lang/String;Lcom/sun/javafx/css/StyleMap;Ljava/util/Set;)Lcom/sun/javafx/css/CascadingStyle; @ 140
Event: 6116.899 Thread 0x000000001f32a800 Uncommon trap: reason=class_check action=maybe_recompile pc=0x00000000035daadc method=javafx.scene.CssStyleHelper.getStyle(Ljavafx/css/Styleable;Ljava/lang/String;Lcom/sun/javafx/css/StyleMap;Ljava/util/Set;)Lcom/sun/javafx/css/CascadingStyle; @ 140
Event: 6116.902 Thread 0x000000001f32a800 Uncommon trap: reason=class_check action=maybe_recompile pc=0x00000000035daadc method=javafx.scene.CssStyleHelper.getStyle(Ljavafx/css/Styleable;Ljava/lang/String;Lcom/sun/javafx/css/StyleMap;Ljava/util/Set;)Lcom/sun/javafx/css/CascadingStyle; @ 140
Event: 6116.904 Thread 0x000000001f32a800 Uncommon trap: reason=class_check action=maybe_recompile pc=0x00000000035daadc method=javafx.scene.CssStyleHelper.getStyle(Ljavafx/css/Styleable;Ljava/lang/String;Lcom/sun/javafx/css/StyleMap;Ljava/util/Set;)Lcom/sun/javafx/css/CascadingStyle; @ 140
Event: 6116.945 Thread 0x000000001f32a800 Uncommon trap: reason=class_check action=maybe_recompile pc=0x000000000356ccdc method=javafx.scene.Node.updateLocalToParentTransform()V @ 11
Event: 6117.592 Thread 0x000000001f894000 Uncommon trap: reason=unstable_if action=reinterpret pc=0x000000000352e49c method=java.util.concurrent.locks.ReentrantLock$NonfairSync.lock()V @ 6
Event: 6117.592 Thread 0x000000001f894000 Uncommon trap: reason=unstable_if action=reinterpret pc=0x0000000003491d44 method=java.util.concurrent.locks.ReentrantLock$Sync.tryRelease(I)Z @ 28
Event: 6117.593 Thread 0x000000001f306000 Uncommon trap: reason=unstable_if action=reinterpret pc=0x0000000002efd8cc method=java.util.concurrent.locks.ReentrantLock$NonfairSync.lock()V @ 6

Classes redefined (0 events):
No events

Internal exceptions (10 events):
Event: 0.205 Thread 0x0000000002ced800 Exception <a 'java/security/PrivilegedActionException'> (0x000000076cb6ee28) thrown at [C:\re\workspace\8-2-build-windows-amd64-cygwin\jdk8u202\12323\hotspot\src\share\vm\prims\jvm.cpp, line 1502]
Event: 0.205 Thread 0x0000000002ced800 Exception <a 'java/security/PrivilegedActionException'> (0x000000076cb6f038) thrown at [C:\re\workspace\8-2-build-windows-amd64-cygwin\jdk8u202\12323\hotspot\src\share\vm\prims\jvm.cpp, line 1502]
Event: 0.205 Thread 0x0000000002ced800 Exception <a 'java/lang/NullPointerException'> (0x000000076cb6f610) thrown at [C:\re\workspace\8-2-build-windows-amd64-cygwin\jdk8u202\12323\hotspot\src\share\vm\interpreter\linkResolver.cpp, line 1185]
Event: 0.574 Thread 0x000000001f32a800 Exception <a 'java/lang/NullPointerException'> (0x000000076d6b79c0) thrown at [C:\re\workspace\8-2-build-windows-amd64-cygwin\jdk8u202\12323\hotspot\src\share\vm\interpreter\linkResolver.cpp, line 1185]
Event: 0.574 Thread 0x000000001f32a800 Exception <a 'java/lang/NullPointerException'> (0x000000076d6b79c0) thrown at [C:\re\workspace\8-2-build-windows-amd64-cygwin\jdk8u202\12323\hotspot\src\share\vm\prims\jvm.cpp, line 1506]
Event: 0.794 Thread 0x000000001f32a800 Implicit null exception at 0x000000000305c175 to 0x000000000305c36d
Event: 128.143 Thread 0x000000001f32a800 Exception <a 'java/net/ConnectException': Connection refused: connect> (0x000000076e67ade0) thrown at [C:\re\workspace\8-2-build-windows-amd64-cygwin\jdk8u202\12323\hotspot\src\share\vm\prims\jni.cpp, line 736]
Event: 195.489 Thread 0x000000001f32a800 Exception <a 'java/lang/NullPointerException'> (0x000000076fb53f38) thrown at [C:\re\workspace\8-2-build-windows-amd64-cygwin\jdk8u202\12323\hotspot\src\share\vm\interpreter\linkResolver.cpp, line 1185]
Event: 195.489 Thread 0x000000001f32a800 Exception <a 'java/lang/NullPointerException'> (0x000000076fb53f38) thrown at [C:\re\workspace\8-2-build-windows-amd64-cygwin\jdk8u202\12323\hotspot\src\share\vm\prims\jvm.cpp, line 1506]
Event: 6117.593 Thread 0x000000001f894000 Exception <a 'java/lang/IllegalStateException'> (0x00000007705cd2d0) thrown at [C:\re\workspace\8-2-build-windows-amd64-cygwin\jdk8u202\12323\hotspot\src\share\vm\prims\jvm.cpp, line 1506]

Events (10 events):
Event: 6117.594 Thread 0x000000001e3e3000 flushing nmethod 0x0000000003037950
Event: 6117.595 Thread 0x000000001e3e3000 flushing nmethod 0x000000000303b450
Event: 6117.595 Thread 0x000000001e3e3000 flushing nmethod 0x0000000003047e10
Event: 6117.595 Thread 0x000000001e3e3000 flushing nmethod 0x00000000030494d0
Event: 6117.595 Thread 0x000000001e3e3000 flushing nmethod 0x00000000030588d0
Event: 6117.595 Thread 0x000000001e3e3000 flushing nmethod 0x0000000003094d10
Event: 6117.595 Executing VM operation: RevokeBias
Event: 6117.596 Executing VM operation: RevokeBias done
Event: 6117.597 Thread 0x000000001f893000 Thread exited: 0x000000001f893000
Event: 6117.597 Executing VM operation: Exit


Dynamic libraries:
0x00007ff60f4e0000 - 0x00007ff60f517000 	C:\Program Files\Java\jdk1.8.0_202\jre\bin\java.exe
0x00007fffba2b0000 - 0x00007fffba4c4000 	C:\Windows\SYSTEM32\ntdll.dll
0x00007fffb94a0000 - 0x00007fffb9562000 	C:\Windows\System32\KERNEL32.DLL
0x00007fffb7c40000 - 0x00007fffb7fe3000 	C:\Windows\System32\KERNELBASE.dll
0x00007fffb86f0000 - 0x00007fffb879e000 	C:\Windows\System32\ADVAPI32.dll
0x00007fffba050000 - 0x00007fffba0f7000 	C:\Windows\System32\msvcrt.dll
0x00007fffb87d0000 - 0x00007fffb8874000 	C:\Windows\System32\sechost.dll
0x00007fffb8150000 - 0x00007fffb8267000 	C:\Windows\System32\RPCRT4.dll
0x00007fffb9ea0000 - 0x00007fffba04b000 	C:\Windows\System32\USER32.dll
0x00007fffb7840000 - 0x00007fffb7866000 	C:\Windows\System32\win32u.dll
0x00007fffb87a0000 - 0x00007fffb87c9000 	C:\Windows\System32\GDI32.dll
0x00007fffb7990000 - 0x00007fffb7aa8000 	C:\Windows\System32\gdi32full.dll
0x00007fffb7ab0000 - 0x00007fffb7b4a000 	C:\Windows\System32\msvcp_win.dll
0x00007fffb7870000 - 0x00007fffb7981000 	C:\Windows\System32\ucrtbase.dll
0x00007fffaa530000 - 0x00007fffaa7be000 	C:\Windows\WinSxS\amd64_microsoft.windows.common-controls_6595b64144ccf1df_6.0.22621.1635_none_270f70857386168e\COMCTL32.dll
0x00007fffb8270000 - 0x00007fffb82a1000 	C:\Windows\System32\IMM32.DLL
0x0000000074480000 - 0x0000000074552000 	C:\Program Files\Java\jdk1.8.0_202\jre\bin\msvcr100.dll
0x0000000074560000 - 0x0000000074e05000 	C:\Program Files\Java\jdk1.8.0_202\jre\bin\server\jvm.dll
0x00007fffb89d0000 - 0x00007fffb89d8000 	C:\Windows\System32\PSAPI.DLL
0x00007fffb3560000 - 0x00007fffb3594000 	C:\Windows\SYSTEM32\WINMM.dll
0x00007fffb45c0000 - 0x00007fffb45c9000 	C:\Windows\SYSTEM32\WSOCK32.dll
0x00007fffb38d0000 - 0x00007fffb38da000 	C:\Windows\SYSTEM32\VERSION.dll
0x00007fffb80b0000 - 0x00007fffb8121000 	C:\Windows\System32\WS2_32.dll
0x00007fffb3d40000 - 0x00007fffb3d4f000 	C:\Program Files\Java\jdk1.8.0_202\jre\bin\verify.dll
0x00007fffb3cb0000 - 0x00007fffb3cd9000 	C:\Program Files\Java\jdk1.8.0_202\jre\bin\java.dll
0x00007fffb3d10000 - 0x00007fffb3d26000 	C:\Program Files\Java\jdk1.8.0_202\jre\bin\zip.dll
0x00007fffb8ca0000 - 0x00007fffb949a000 	C:\Windows\System32\SHELL32.dll
0x00007fffb56d0000 - 0x00007fffb5f9e000 	C:\Windows\SYSTEM32\windows.storage.dll
0x00007fffb82b0000 - 0x00007fffb8639000 	C:\Windows\System32\combase.dll
0x00007fffb5590000 - 0x00007fffb56ce000 	C:\Windows\SYSTEM32\wintypes.dll
0x00007fffb8ba0000 - 0x00007fffb8c91000 	C:\Windows\System32\SHCORE.dll
0x00007fffb8970000 - 0x00007fffb89ce000 	C:\Windows\System32\shlwapi.dll
0x00007fffb7600000 - 0x00007fffb7621000 	C:\Windows\SYSTEM32\profapi.dll
0x00000000012f0000 - 0x00000000012f3000 	C:\Program Files\Java\jdk1.8.0_202\jre\bin\api-ms-win-core-console-l1-1-0.dll
0x0000000002cb0000 - 0x0000000002cb3000 	C:\Program Files\Java\jdk1.8.0_202\jre\bin\api-ms-win-core-datetime-l1-1-0.dll
0x0000000002cc0000 - 0x0000000002cc3000 	C:\Program Files\Java\jdk1.8.0_202\jre\bin\api-ms-win-core-debug-l1-1-0.dll
0x0000000002cd0000 - 0x0000000002cd3000 	C:\Program Files\Java\jdk1.8.0_202\jre\bin\api-ms-win-core-errorhandling-l1-1-0.dll
0x000000001faa0000 - 0x000000001faa4000 	C:\Program Files\Java\jdk1.8.0_202\jre\bin\api-ms-win-core-file-l1-1-0.dll
0x000000001fab0000 - 0x000000001fab3000 	C:\Program Files\Java\jdk1.8.0_202\jre\bin\api-ms-win-core-file-l1-2-0.dll
0x000000001fac0000 - 0x000000001fac3000 	C:\Program Files\Java\jdk1.8.0_202\jre\bin\api-ms-win-core-file-l2-1-0.dll
0x000000001fad0000 - 0x000000001fad3000 	C:\Program Files\Java\jdk1.8.0_202\jre\bin\api-ms-win-core-handle-l1-1-0.dll
0x000000001fae0000 - 0x000000001fae3000 	C:\Program Files\Java\jdk1.8.0_202\jre\bin\api-ms-win-core-heap-l1-1-0.dll
0x000000001faf0000 - 0x000000001faf3000 	C:\Program Files\Java\jdk1.8.0_202\jre\bin\api-ms-win-core-interlocked-l1-1-0.dll
0x000000001fb00000 - 0x000000001fb03000 	C:\Program Files\Java\jdk1.8.0_202\jre\bin\api-ms-win-core-libraryloader-l1-1-0.dll
0x000000001fb10000 - 0x000000001fb13000 	C:\Program Files\Java\jdk1.8.0_202\jre\bin\api-ms-win-core-localization-l1-2-0.dll
0x000000001fb20000 - 0x000000001fb23000 	C:\Program Files\Java\jdk1.8.0_202\jre\bin\api-ms-win-core-memory-l1-1-0.dll
0x000000001fb30000 - 0x000000001fb33000 	C:\Program Files\Java\jdk1.8.0_202\jre\bin\api-ms-win-core-namedpipe-l1-1-0.dll
0x000000001fb40000 - 0x000000001fb43000 	C:\Program Files\Java\jdk1.8.0_202\jre\bin\api-ms-win-core-processenvironment-l1-1-0.dll
0x000000001fb50000 - 0x000000001fb53000 	C:\Program Files\Java\jdk1.8.0_202\jre\bin\api-ms-win-core-processthreads-l1-1-0.dll
0x000000001fb60000 - 0x000000001fb63000 	C:\Program Files\Java\jdk1.8.0_202\jre\bin\api-ms-win-core-processthreads-l1-1-1.dll
0x000000001fb70000 - 0x000000001fb73000 	C:\Program Files\Java\jdk1.8.0_202\jre\bin\api-ms-win-core-profile-l1-1-0.dll
0x000000001fb80000 - 0x000000001fb83000 	C:\Program Files\Java\jdk1.8.0_202\jre\bin\api-ms-win-core-rtlsupport-l1-1-0.dll
0x000000001fb90000 - 0x000000001fb93000 	C:\Program Files\Java\jdk1.8.0_202\jre\bin\api-ms-win-core-string-l1-1-0.dll
0x000000001fba0000 - 0x000000001fba3000 	C:\Program Files\Java\jdk1.8.0_202\jre\bin\api-ms-win-core-synch-l1-1-0.dll
0x000000001fbb0000 - 0x000000001fbb3000 	C:\Program Files\Java\jdk1.8.0_202\jre\bin\api-ms-win-core-synch-l1-2-0.dll
0x000000001fbc0000 - 0x000000001fbc3000 	C:\Program Files\Java\jdk1.8.0_202\jre\bin\api-ms-win-core-sysinfo-l1-1-0.dll
0x000000001fbd0000 - 0x000000001fbd3000 	C:\Program Files\Java\jdk1.8.0_202\jre\bin\api-ms-win-core-timezone-l1-1-0.dll
0x000000001fbe0000 - 0x000000001fbe3000 	C:\Program Files\Java\jdk1.8.0_202\jre\bin\api-ms-win-core-util-l1-1-0.dll
0x000000001fbf0000 - 0x000000001fbf3000 	C:\Program Files\Java\jdk1.8.0_202\jre\bin\api-ms-win-crt-conio-l1-1-0.dll
0x000000001fc00000 - 0x000000001fc04000 	C:\Program Files\Java\jdk1.8.0_202\jre\bin\api-ms-win-crt-convert-l1-1-0.dll
0x000000001fc10000 - 0x000000001fc13000 	C:\Program Files\Java\jdk1.8.0_202\jre\bin\api-ms-win-crt-environment-l1-1-0.dll
0x000000001fc20000 - 0x000000001fc23000 	C:\Program Files\Java\jdk1.8.0_202\jre\bin\api-ms-win-crt-filesystem-l1-1-0.dll
0x000000001fc30000 - 0x000000001fc33000 	C:\Program Files\Java\jdk1.8.0_202\jre\bin\api-ms-win-crt-heap-l1-1-0.dll
0x000000001fc40000 - 0x000000001fc43000 	C:\Program Files\Java\jdk1.8.0_202\jre\bin\api-ms-win-crt-locale-l1-1-0.dll
0x000000001fc50000 - 0x000000001fc55000 	C:\Program Files\Java\jdk1.8.0_202\jre\bin\api-ms-win-crt-math-l1-1-0.dll
0x000000001fc60000 - 0x000000001fc65000 	C:\Program Files\Java\jdk1.8.0_202\jre\bin\api-ms-win-crt-multibyte-l1-1-0.dll
0x000000001fc70000 - 0x000000001fc80000 	C:\Program Files\Java\jdk1.8.0_202\jre\bin\api-ms-win-crt-private-l1-1-0.dll
0x000000001fc80000 - 0x000000001fc83000 	C:\Program Files\Java\jdk1.8.0_202\jre\bin\api-ms-win-crt-process-l1-1-0.dll
0x000000001fc90000 - 0x000000001fc94000 	C:\Program Files\Java\jdk1.8.0_202\jre\bin\api-ms-win-crt-runtime-l1-1-0.dll
0x000000001fca0000 - 0x000000001fca4000 	C:\Program Files\Java\jdk1.8.0_202\jre\bin\api-ms-win-crt-stdio-l1-1-0.dll
0x000000001fcb0000 - 0x000000001fcb4000 	C:\Program Files\Java\jdk1.8.0_202\jre\bin\api-ms-win-crt-string-l1-1-0.dll
0x000000001fcc0000 - 0x000000001fcc3000 	C:\Program Files\Java\jdk1.8.0_202\jre\bin\api-ms-win-crt-time-l1-1-0.dll
0x000000001fcd0000 - 0x000000001fcd3000 	C:\Program Files\Java\jdk1.8.0_202\jre\bin\api-ms-win-crt-utility-l1-1-0.dll
0x00007fff582c0000 - 0x00007fff583b6000 	C:\Program Files\Java\jdk1.8.0_202\jre\bin\ucrtbase.dll
0x00007fffaf9f0000 - 0x00007fffafa06000 	C:\Program Files\Java\jdk1.8.0_202\jre\bin\vcruntime140.dll
0x00007fff59320000 - 0x00007fff593bc000 	C:\Program Files\Java\jdk1.8.0_202\jre\bin\msvcp140.dll
0x00007fff5a730000 - 0x00007fff5a781000 	C:\Program Files\Java\jdk1.8.0_202\jre\bin\concrt140.dll
0x00007fff955e0000 - 0x00007fff95603000 	C:\Program Files\Java\jdk1.8.0_202\jre\bin\prism_d3d.dll
0x00007fff74570000 - 0x00007fff74719000 	C:\Windows\system32\d3d9.dll
0x00007fffb4e80000 - 0x00007fffb4eab000 	C:\Windows\SYSTEM32\dwmapi.dll
0x00007fffb4ef0000 - 0x00007fffb4f26000 	C:\Windows\SYSTEM32\dxcore.dll
0x00007fffb4bf0000 - 0x00007fffb4c9b000 	C:\Windows\system32\uxtheme.dll
0x00007fffb8880000 - 0x00007fffb8957000 	C:\Windows\System32\OLEAUT32.dll
0x00007fffb9d00000 - 0x00007fffb9e9c000 	C:\Windows\System32\ole32.dll
0x00007fffac5a0000 - 0x00007fffac5e8000 	C:\Windows\SYSTEM32\directxdatabasehelper.dll
0x00007fffb6810000 - 0x00007fffb6828000 	C:\Windows\SYSTEM32\kernel.appcore.dll
0x00007fff94760000 - 0x00007fff947a9000 	C:\Program Files\Java\jdk1.8.0_202\jre\bin\glass.dll
0x00007fffba170000 - 0x00007fffba267000 	C:\Windows\System32\COMDLG32.dll
0x00007fff905e0000 - 0x00007fff907f1000 	C:\Program Files\NVIDIA Corporation\nview\nViewH64.dll
0x00007fffb6830000 - 0x00007fffb6864000 	C:\Windows\SYSTEM32\ntmarta.dll
0x00007fffb95d0000 - 0x00007fffb96ee000 	C:\Windows\System32\MSCTF.dll
0x00007fffb7b50000 - 0x00007fffb7bcb000 	C:\Windows\System32\bcryptPrimitives.dll
0x00007fff92a90000 - 0x00007fff92aa4000 	C:\Program Files\Java\jdk1.8.0_202\jre\bin\javafx_font.dll
0x00007fffb1bc0000 - 0x00007fffb1e27000 	C:\Windows\SYSTEM32\dwrite.dll
0x00007fffb8640000 - 0x00007fffb86f0000 	C:\Windows\System32\clbcatq.dll
0x00007fffb4a10000 - 0x00007fffb4bc0000 	C:\Windows\SYSTEM32\WindowsCodecs.dll
0x00007fff91ab0000 - 0x00007fff91b0e000 	C:\Windows\system32\dataexchange.dll
0x00007fffa9380000 - 0x00007fffa95f7000 	C:\Windows\system32\twinapi.appcore.dll
0x00007fff8ea40000 - 0x00007fff8ea72000 	C:\Program Files\Common Files\Microsoft Shared\Ink\rtscom.dll
0x00007fffa9780000 - 0x00007fffa98ad000 	C:\Windows\SYSTEM32\textinputframework.dll
0x00007fffb2470000 - 0x00007fffb25a3000 	C:\Windows\SYSTEM32\CoreMessaging.dll
0x00007fffabd50000 - 0x00007fffac0bc000 	C:\Windows\SYSTEM32\CoreUIComponents.dll
0x00007fffb6f00000 - 0x00007fffb6f0c000 	C:\Windows\SYSTEM32\CRYPTBASE.DLL
0x00007fffa1bc0000 - 0x00007fffa1c65000 	C:\Windows\System32\OneCoreCommonProxyStub.dll
0x00007fffa8d60000 - 0x00007fffa937b000 	C:\Windows\System32\OneCoreUAPCommonProxyStub.dll
0x00007fffac390000 - 0x00007fffac40f000 	C:\Windows\System32\ActXPrxy.dll
0x00007fffb10e0000 - 0x00007fffb10fa000 	C:\Program Files\Java\jdk1.8.0_202\jre\bin\net.dll
0x00007fffad710000 - 0x00007fffad8ff000 	C:\Windows\SYSTEM32\urlmon.dll
0x00007fffacd70000 - 0x00007fffad021000 	C:\Windows\SYSTEM32\iertutil.dll
0x00007fffad030000 - 0x00007fffad058000 	C:\Windows\SYSTEM32\srvcli.dll
0x00007fffb6260000 - 0x00007fffb626c000 	C:\Windows\SYSTEM32\netutils.dll
0x00007fffb6c80000 - 0x00007fffb6ce9000 	C:\Windows\system32\mswsock.dll
0x00007fffb62e0000 - 0x00007fffb63d3000 	C:\Windows\SYSTEM32\DNSAPI.dll
0x00007fffb6270000 - 0x00007fffb629d000 	C:\Windows\SYSTEM32\IPHLPAPI.DLL
0x00007fffb9760000 - 0x00007fffb9769000 	C:\Windows\System32\NSI.dll
0x00007fffb06a0000 - 0x00007fffb06aa000 	C:\Windows\System32\rasadhlp.dll
0x00007fffb2f50000 - 0x00007fffb2fd4000 	C:\Windows\System32\fwpuclnt.dll
0x00007fffb6ee0000 - 0x00007fffb6efb000 	C:\Windows\SYSTEM32\CRYPTSP.dll
0x00007fffb6780000 - 0x00007fffb67b5000 	C:\Windows\system32\rsaenh.dll
0x00007fffb6d80000 - 0x00007fffb6da8000 	C:\Windows\SYSTEM32\USERENV.dll
0x00007fffb70a0000 - 0x00007fffb70c8000 	C:\Windows\SYSTEM32\bcrypt.dll
0x00007fffb38e0000 - 0x00007fffb38f9000 	C:\Windows\SYSTEM32\dhcpcsvc6.DLL
0x00007fffb3540000 - 0x00007fffb355f000 	C:\Windows\SYSTEM32\dhcpcsvc.DLL
0x00007fffb00c0000 - 0x00007fffb00d2000 	C:\Program Files\Java\jdk1.8.0_202\jre\bin\nio.dll
0x00007fffb1390000 - 0x00007fffb1951000 	C:\Windows\SYSTEM32\d2d1.dll
0x00007fffb1960000 - 0x00007fffb1bb7000 	C:\Windows\SYSTEM32\d3d11.dll
0x00007fffb4d60000 - 0x00007fffb4e56000 	C:\Windows\SYSTEM32\dxgi.dll
0x00007fffab3c0000 - 0x00007fffabad1000 	C:\Windows\SYSTEM32\D3D10Warp.dll

VM Arguments:
jvm_args: -Dfile.encoding=UTF-8 
java_command: D:\Edu\ITP_ITI\JavaProjects\finalProject\TicTacToe\dist\run1849062511\TicTacToe.jar
java_class_path (initial): D:\Edu\ITP_ITI\JavaProjects\finalProject\TicTacToe\dist\run1849062511\TicTacToe.jar
Launcher Type: SUN_STANDARD

Environment Variables:
PATH=C:\Program Files\Java\jdk1.8.0_202\bin;C:\Program Files (x86)\Common Files\Oracle\Java\javapath;C:\ProgramData\Oracle\Java\javapath;C:\Windows\system32;C:\Windows;C:\Windows\System32\Wbem;C:\Windows\System32\WindowsPowerShell\v1.0\;C:\Windows\System32\OpenSSH\;C:\Program Files (x86)\dotnet\;C:\Program Files\Notepad++;C:\Program Files\Git\cmd;C:\Users\3WD\AppData\Local\Microsoft\WindowsApps;
USERNAME=3WD
OS=Windows_NT
PROCESSOR_IDENTIFIER=Intel64 Family 6 Model 60 Stepping 3, GenuineIntel



---------------  S Y S T E M  ---------------

OS: Windows 10.0 , 64 bit Build 22621 (10.0.22621.1635)

CPU:total 8 (initial active 8) (4 cores per cpu, 2 threads per core) family 6 model 60 stepping 3, cmov, cx8, fxsr, mmx, sse, sse2, sse3, ssse3, sse4.1, sse4.2, popcnt, avx, avx2, aes, clmul, erms, lzcnt, ht, tsc, tscinvbit, bmi1, bmi2

Memory: 4k page, physical 16409708k(8898976k free), swap 17458284k(6826548k free)

vm_info: Java HotSpot(TM) 64-Bit Server VM (25.202-b08) for windows-amd64 JRE (1.8.0_202-b08), built on Dec 15 2018 19:54:30 by "java_re" with MS VC++ 10.0 (VS2010)

time: Sat May 13 02:21:19 2023
timezone: Egypt Daylight Time
elapsed time: 6118 seconds (0d 1h 41m 58s)

